app/build/outputs/mapping/release/seeds.txt
karov.shemi.oz.AutoCompleteActivity
karov.shemi.oz.AutoCompleteActivity: java.util.ArrayList allCities
karov.shemi.oz.AutoCompleteActivity: android.widget.AutoCompleteTextView autocompletetextview
karov.shemi.oz.AutoCompleteActivity: AutoCompleteActivity()
karov.shemi.oz.AutoCompleteActivity: void onCreate(android.os.Bundle)
karov.shemi.oz.AutoCompleteActivity$C04741
karov.shemi.oz.AutoCompleteActivity$C04741: karov.shemi.oz.AutoCompleteActivity this$0
karov.shemi.oz.AutoCompleteActivity$C04741: AutoCompleteActivity$C04741(karov.shemi.oz.AutoCompleteActivity)
karov.shemi.oz.AutoCompleteActivity$C04741: void onItemClick(android.widget.AdapterView,android.view.View,int,long)
karov.shemi.oz.BuildConfig
karov.shemi.oz.BuildConfig: boolean DEBUG
karov.shemi.oz.BuildConfig: java.lang.String APPLICATION_ID
karov.shemi.oz.BuildConfig: java.lang.String BUILD_TYPE
karov.shemi.oz.BuildConfig: java.lang.String FLAVOR
karov.shemi.oz.BuildConfig: int VERSION_CODE
karov.shemi.oz.BuildConfig: java.lang.String VERSION_NAME
karov.shemi.oz.BuildConfig: BuildConfig()
karov.shemi.oz.Close2Me
karov.shemi.oz.Close2Me: Close2Me()
karov.shemi.oz.Close2Me: void onCreate()
karov.shemi.oz.ConfigActivity
karov.shemi.oz.ConfigActivity: int appWidgetId
karov.shemi.oz.ConfigActivity: ConfigActivity()
karov.shemi.oz.ConfigActivity: void readSaved()
karov.shemi.oz.ConfigActivity: void config()
karov.shemi.oz.ConfigActivity: void onCreate(android.os.Bundle)
karov.shemi.oz.ConfigActivity: void assignAppWidgetId()
karov.shemi.oz.ConfigActivity: void calcAction()
karov.shemi.oz.ConfigActivity: void startWidget()
karov.shemi.oz.Constants
karov.shemi.oz.Constants: java.lang.String DISTANCE
karov.shemi.oz.Constants: java.lang.String NAME
karov.shemi.oz.Constants: java.lang.String LAST_NAME
karov.shemi.oz.Constants: java.lang.String FIRST_NAME
karov.shemi.oz.Constants: java.lang.String COMPANY
karov.shemi.oz.Constants: java.lang.String COMPANYNAME
karov.shemi.oz.Constants: java.lang.String COMPANY_WEBSITE
karov.shemi.oz.Constants: java.lang.String COMPANY_DESCRIPTION
karov.shemi.oz.Constants: java.lang.String UPGRADE
karov.shemi.oz.Constants: java.lang.String TITLE
karov.shemi.oz.Constants: java.lang.String TAKANON
karov.shemi.oz.Constants: java.lang.String TAKANON2
karov.shemi.oz.Constants: java.lang.String TAKANONSTRING
karov.shemi.oz.Constants: java.lang.String COMPANYID
karov.shemi.oz.Constants: java.lang.String MANPOWER
karov.shemi.oz.Constants: java.lang.String METER
karov.shemi.oz.Constants: java.lang.String CITIES
karov.shemi.oz.Constants: java.lang.String RADIUS
karov.shemi.oz.Constants: java.lang.String ITEM
karov.shemi.oz.Constants: java.lang.String PLACE
karov.shemi.oz.Constants: java.lang.String REQUIRE_CV
karov.shemi.oz.Constants: java.lang.String CITYNAME
karov.shemi.oz.Constants: java.lang.String ADDRESS
karov.shemi.oz.Constants: java.lang.String PHONE
karov.shemi.oz.Constants: java.lang.String MAIL
karov.shemi.oz.Constants: java.lang.String EMAIL
karov.shemi.oz.Constants: java.lang.String LIFE_STORY
karov.shemi.oz.Constants: java.lang.String MYEMAIL
...
android.support.design.R$styleable: int[] ActionBar
android.support.design.R$styleable: int[] ActionBarLayout
android.support.design.R$styleable: int ActionBarLayout_android_layout_gravity
android.support.design.R$styleable: int ActionBar_background
android.support.design.R$styleable: int ActionBar_backgroundSplit
android.support.design.R$styleable: int ActionBar_backgroundStacked
android.support.design.R$styleable: int ActionBar_contentInsetEnd
android.support.design.R$styleable: int ActionBar_contentInsetEndWithActions
android.support.design.R$styleable: int ActionBar_contentInsetLeft
android.support.design.R$styleable: int ActionBar_contentInsetRight
android.support.design.R$styleable: int ActionBar_contentInsetStart
android.support.design.R$styleable: int ActionBar_contentInsetStartWithNavigation
android.support.design.R$styleable: int ActionBar_customNavigationLayout
android.support.design.R$styleable: int ActionBar_displayOptions
android.support.design.R$styleable: int ActionBar_divider
android.support.design.R$styleable: int ActionBar_elevation
android.support.design.R$styleable: int ActionBar_height
android.support.design.R$styleable: int ActionBar_hideOnContentScroll
android.support.design.R$styleable: int ActionBar_homeAsUpIndicator
android.support.design.R$styleable: int ActionBar_homeLayout
android.support.design.R$styleable: int ActionBar_icon
android.support.design.R$styleable: int ActionBar_indeterminateProgressStyle
android.support.design.internal.BaselineLayout
android.support.design.internal.BaselineLayout: BaselineLayout(android.content.Context)
android.support.design.internal.BaselineLayout: BaselineLayout(android.content.Context,android.util.AttributeSet)
android.support.design.internal.BaselineLayout: BaselineLayout(android.content.Context,android.util.AttributeSet,int)
android.support.design.internal.BaselineLayout: int getBaseline()
android.support.design.internal.BottomNavigationItemView: void setItemPosition(int)
android.support.design.internal.BottomNavigationItemView: int getItemPosition()
android.support.design.internal.BottomNavigationItemView: void setShiftingMode(boolean)
android.support.design.internal.BottomNavigationItemView: android.support.v7.view.menu.MenuItemImpl getItemData()
android.support.design.internal.BottomNavigationItemView: void setTitle(java.lang.CharSequence)
android.support.design.internal.BottomNavigationItemView: void setCheckable(boolean)
android.support.design.internal.BottomNavigationItemView: void setChecked(boolean)
android.support.design.internal.BottomNavigationItemView: void setEnabled(boolean)
android.support.design.internal.BottomNavigationItemView: void setIcon(android.graphics.drawable.Drawable)
android.support.design.internal.BottomNavigationItemView: void setIconTintList(android.content.res.ColorStateList)
android.support.design.internal.BottomNavigationItemView: void setTextColor(android.content.res.ColorStateList)
android.support.design.internal.BottomNavigationItemView: void setItemBackground(int)
android.support.design.internal.BottomNavigationMenuView: int getWindowAnimations()
android.support.design.internal.BottomNavigationMenuView: void setIconTintList(android.content.res.ColorStateList)
android.support.design.internal.BottomNavigationMenuView: android.content.res.ColorStateList getIconTintList()
android.support.design.internal.BottomNavigationMenuView: void setItemTextColor(android.content.res.ColorStateList)
android.support.design.internal.BottomNavigationMenuView: android.content.res.ColorStateList getItemTextColor()
android.support.design.internal.BottomNavigationMenuView: void setItemBackgroundRes(int)
android.support.design.internal.BottomNavigationMenuView: int getItemBackgroundRes()
android.support.design.internal.BottomNavigationMenuView: void setPresenter(android.support.design.internal.BottomNavigationPresenter)
android.support.design.internal.BottomNavigationMenuView: android.support.design.internal.BottomNavigationItemView getNewItem()