app/build/outputs/mapping/release/mapping.txt
karov.shemi.oz.AutoCompleteActivity -> karov.shemi.oz.AutoCompleteActivity:
    java.util.ArrayList allCities -> allCities
    android.widget.AutoCompleteTextView autocompletetextview -> autocompletetextview
    void <init>() -> <init>
    void onCreate(android.os.Bundle) -> onCreate
karov.shemi.oz.AutoCompleteActivity$C04741 -> karov.shemi.oz.AutoCompleteActivity$C04741:
    karov.shemi.oz.AutoCompleteActivity this$0 -> this$0
    void <init>(karov.shemi.oz.AutoCompleteActivity) -> <init>
    void onItemClick(android.widget.AdapterView,android.view.View,int,long) -> onItemClick
karov.shemi.oz.BuildConfig -> karov.shemi.oz.BuildConfig:
    boolean DEBUG -> DEBUG
    java.lang.String APPLICATION_ID -> APPLICATION_ID
    java.lang.String BUILD_TYPE -> BUILD_TYPE
    java.lang.String FLAVOR -> FLAVOR
    int VERSION_CODE -> VERSION_CODE
    java.lang.String VERSION_NAME -> VERSION_NAME
    void <init>() -> <init>
karov.shemi.oz.Close2Me -> karov.shemi.oz.Close2Me:
    void <init>() -> <init>
    void onCreate() -> onCreate
karov.shemi.oz.ConfigActivity -> karov.shemi.oz.ConfigActivity:
    int appWidgetId -> appWidgetId
    void <init>() -> <init>
    void readSaved() -> readSaved
    void config() -> config
    void onCreate(android.os.Bundle) -> onCreate
    void assignAppWidgetId() -> assignAppWidgetId
    void calcAction() -> calcAction
    void startWidget() -> startWidget
karov.shemi.oz.Constants -> karov.shemi.oz.Constants:
    java.lang.String DISTANCE -> DISTANCE
    java.lang.String NAME -> NAME
    java.lang.String LAST_NAME -> LAST_NAME
    java.lang.String FIRST_NAME -> FIRST_NAME
    java.lang.String COMPANY -> COMPANY
    java.lang.String COMPANYNAME -> COMPANYNAME
    java.lang.String COMPANY_WEBSITE -> COMPANY_WEBSITE
    java.lang.String COMPANY_DESCRIPTION -> COMPANY_DESCRIPTION
    java.lang.String UPGRADE -> UPGRADE
    java.lang.String TITLE -> TITLE
    java.lang.String TAKANON -> TAKANON
    java.lang.String TAKANON2 -> TAKANON2
    java.lang.String TAKANONSTRING -> TAKANONSTRING
    java.lang.String COMPANYID -> COMPANYID
    java.lang.String MANPOWER -> MANPOWER
    java.lang.String METER -> METER
    java.lang.String CITIES -> CITIES
    java.lang.String RADIUS -> RADIUS
    java.lang.String ITEM -> ITEM
    java.lang.String PLACE -> PLACE
    java.lang.String REQUIRE_CV -> REQUIRE_CV
    java.lang.String CITYNAME -> CITYNAME
    java.lang.String ADDRESS -> ADDRESS
    java.lang.String PHONE -> PHONE
    java.lang.String MAIL -> MAIL
    java.lang.String EMAIL -> EMAIL
    java.lang.String LIFE_STORY -> LIFE_STORY
    java.lang.String MYEMAIL -> MYEMAIL
    java.lang.String REQUIRE -> REQUIRE
    java.lang.String LOGO -> LOGO
    java.lang.String DESC -> DESC
    java.lang.String DESCRIPTION -> DESCRIPTION
    java.lang.String WEBSITE -> WEBSITE
    java.lang.String AREA_NAME -> AREA_NAME
    java.lang.String AREA -> AREA
karov.shemi.oz.ContactUsActivity -> karov.shemi.oz.ContactUsActivity:
    android.widget.EditText name -> name
    android.widget.EditText mail -> mail
    android.widget.EditText phone -> phone
    android.widget.EditText msg -> msg
    int title -> title
    void <init>() -> <init>
    boolean onOptionsItemSelected(android.view.MenuItem) -> onOptionsItemSelected
    void onCreate(android.os.Bundle) -> onCreate
    void taskResponse(org.json.JSONObject,int) -> taskResponse
    void onStart() -> onStart
    void onStop() -> onStop
    int access$002(karov.shemi.oz.ContactUsActivity,int) -> access$002
    android.widget.EditText access$100(karov.shemi.oz.ContactUsActivity) -> access$100
    android.widget.EditText access$200(karov.shemi.oz.ContactUsActivity) -> access$200
    android.widget.EditText access$300(karov.shemi.oz.ContactUsActivity) -> access$300
    android.widget.EditText access$400(karov.shemi.oz.ContactUsActivity) -> access$400
    int access$000(karov.shemi.oz.ContactUsActivity) -> access$000
...
com.google.android.gms.internal.zzbsr -> com.google.android.gms.d.si:
    java.util.Map zzcnO -> a
    java.util.Map zzcnP -> b
    void zza(java.util.Map,java.util.Map,java.lang.Class,java.lang.Class) -> a
    boolean zzk(java.lang.reflect.Type) -> a
    java.lang.Class zzo(java.lang.Class) -> a
    void <clinit>() -> <clinit>
com.google.android.gms.internal.zzbss -> com.google.android.gms.d.sj:
    com.google.android.gms.internal.zzbrr zzh(com.google.android.gms.internal.zzbti) -> a
    void zzb(com.google.android.gms.internal.zzbrr,com.google.android.gms.internal.zzbtk) -> a
    java.io.Writer zza(java.lang.Appendable) -> a
com.google.android.gms.internal.zzbss$1 -> com.google.android.gms.d.sj$1:
com.google.android.gms.internal.zzbss$zza -> com.google.android.gms.d.sj$a:
    java.lang.Appendable zzcnQ -> a
    com.google.android.gms.internal.zzbss$zza$zza zzcnR -> b
    void <init>(java.lang.Appendable) -> <init>
    void write(char[],int,int) -> write
    void write(int) -> write
    void flush() -> flush
    void close() -> close
    void <init>(java.lang.Appendable,com.google.android.gms.internal.zzbss$1) -> <init>
com.google.android.gms.internal.zzbss$zza$zza -> com.google.android.gms.d.sj$a$a:
    char[] zzcnS -> a
    void <init>() -> <init>
    int length() -> length
    char charAt(int) -> charAt
    java.lang.CharSequence subSequence(int,int) -> subSequence
com.google.android.gms.internal.zzbst -> com.google.android.gms.d.sk:
    void <init>() -> <init>
    java.lang.Object zze(java.lang.Class) -> a
    com.google.android.gms.internal.zzbst zzabO() -> a
com.google.android.gms.internal.zzbst$1 -> com.google.android.gms.d.sk$1:
    java.lang.reflect.Method zzcnT -> a
    java.lang.Object zzcnU -> b
    void <init>(java.lang.reflect.Method,java.lang.Object) -> <init>
    java.lang.Object zze(java.lang.Class) -> a
com.google.android.gms.internal.zzbst$2 -> com.google.android.gms.d.sk$2:
    java.lang.reflect.Method zzcnV -> a
    int zzcnW -> b
    void <init>(java.lang.reflect.Method,int) -> <init>
    java.lang.Object zze(java.lang.Class) -> a
com.google.android.gms.internal.zzbst$3 -> com.google.android.gms.d.sk$3:
    java.lang.reflect.Method zzcnV -> a
    void <init>(java.lang.reflect.Method) -> <init>
    java.lang.Object zze(java.lang.Class) -> a
com.google.android.gms.internal.zzbst$4 -> com.google.android.gms.d.sk$4:
    void <init>() -> <init>
    java.lang.Object zze(java.lang.Class) -> a
com.google.android.gms.internal.zzbsu -> com.google.android.gms.d.sl:
    com.google.android.gms.internal.zzbse zzcnX -> a
    java.lang.Class zzcnY -> b
    com.google.android.gms.internal.zzbsd zzcnZ -> c
    void <init>(com.google.android.gms.internal.zzbrl,com.google.android.gms.internal.zzbsd,java.lang.Class) -> <init>
    java.lang.Object zzb(com.google.android.gms.internal.zzbti) -> b
    void zza(com.google.android.gms.internal.zzbtk,java.lang.Object) -> a
    void <clinit>() -> <clinit>
com.google.android.gms.internal.zzbsu$1 -> com.google.android.gms.d.sl$1:
    void <init>() -> <init>
    com.google.android.gms.internal.zzbsd zza(com.google.android.gms.internal.zzbrl,com.google.android.gms.internal.zzbth) -> a
com.google.android.gms.internal.zzbsv -> com.google.android.gms.d.sm:
    com.google.android.gms.internal.zzbsl zzcmu -> a
    void <init>(com.google.android.gms.internal.zzbsl) -> <init>
    com.google.android.gms.internal.zzbsd zza(com.google.android.gms.internal.zzbrl,com.google.android.gms.internal.zzbth) -> a