app/build/outputs/mapping/release/usage.txt
com.google.android.gms.location.places.internal.zzi$zza$zza
com.google.android.gms.location.places.internal.zzj
com.google.android.gms.location.places.internal.zzj$zza
com.google.android.gms.location.places.internal.zzj$zza$zza
com.google.android.gms.location.places.internal.zzk
com.google.android.gms.location.places.internal.zzk$zza
com.google.android.gms.location.places.internal.zzk$zza$zza
com.google.android.gms.location.places.internal.zzl
com.google.android.gms.location.places.internal.zzl$zza
com.google.android.gms.location.places.internal.zzl$zza$zza
com.google.android.gms.location.places.internal.zzm
com.google.android.gms.location.places.internal.zzm$1
com.google.android.gms.location.places.internal.zzm$2
com.google.android.gms.location.places.internal.zzn
com.google.android.gms.location.places.internal.zzn$1
com.google.android.gms.location.places.internal.zzn$zza
com.google.android.gms.location.places.internal.zzo
com.google.android.gms.location.places.internal.zzp
com.google.android.gms.location.places.internal.zzq
com.google.android.gms.location.places.internal.zzr
com.google.android.gms.location.places.internal.zzs
com.google.android.gms.location.places.internal.zzt
com.google.android.gms.location.places.internal.zzu
com.google.android.gms.location.places.internal.zzu$zza
com.google.android.gms.location.places.internal.zzu$zzb
com.google.android.gms.location.places.internal.zzv
com.google.android.gms.location.places.internal.zzw
com.google.android.gms.location.places.internal.zzw$1
com.google.android.gms.location.places.internal.zzx
com.google.android.gms.location.places.internal.zzy
com.google.android.gms.location.places.internal.zzz
com.google.android.gms.location.places.ui.PlaceAutocomplete
com.google.android.gms.location.places.ui.PlaceAutocomplete$IntentBuilder
com.google.android.gms.location.places.ui.PlaceAutocompleteFragment
com.google.android.gms.location.places.ui.PlaceAutocompleteFragment$1
com.google.android.gms.location.places.ui.PlaceAutocompleteFragment$2
com.google.android.gms.location.places.ui.PlacePicker
com.google.android.gms.location.places.ui.PlacePicker$IntentBuilder
com.google.android.gms.location.places.ui.PlaceSelectionListener
com.google.android.gms.location.places.ui.SupportPlaceAutocompleteFragment
com.google.android.gms.location.places.ui.SupportPlaceAutocompleteFragment$1
com.google.android.gms.location.places.ui.SupportPlaceAutocompleteFragment$2
com.google.android.gms.location.places.ui.zza
com.google.android.gms.location.places.ui.zza$zza
com.google.android.gms.location.places.zza
com.google.android.gms.location.places.zzb
com.google.android.gms.location.places.zzc
com.google.android.gms.location.places.zzd
com.google.android.gms.location.places.zze
com.google.android.gms.location.places.zzf
com.google.android.gms.location.places.zzg
com.google.android.gms.location.places.zzh
com.google.android.gms.location.places.zzh$zza
com.google.android.gms.location.places.zzh$zzb
com.google.android.gms.location.places.zzi
com.google.android.gms.location.places.zzj
com.google.android.gms.location.places.zzk
com.google.android.gms.location.places.zzl
com.google.android.gms.location.places.zzm
com.google.android.gms.location.places.zzn
com.google.android.gms.location.places.zzo
com.google.android.gms.location.places.zzo$zza
com.google.android.gms.location.places.zzo$zzb
com.google.android.gms.location.places.zzo$zzc
com.google.android.gms.location.places.zzo$zzd
com.google.android.gms.location.places.zzo$zze
com.google.android.gms.location.places.zzo$zzf
com.google.android.gms.location.places.zzp
com.google.android.gms.location.places.zzq
com.google.android.gms.location.zza
com.google.android.gms.location.zzb
com.google.android.gms.location.zzc
com.google.android.gms.location.zzd
com.google.android.gms.location.zze
com.google.android.gms.location.zzf
com.google.android.gms.location.zzf$1
com.google.android.gms.location.zzg
com.google.android.gms.location.zzh
com.google.android.gms.location.zzi